Program
    Block
        VariableDeclaration
            Expression
                Term
                    Factor
        ProcedureDeclaration
            FormalParameters
            Block
                ProcedureDeclaration
                    FormalParameters
                    Block
                        Statement
                            ReturnStatement
                                Expression
                                    Term
                                        Factor
                                            CallExpression
                                                ActualParameters
                                                    Expression
                                                        Term
                                                            Factor
                                                            Term
                                                                Factor
                Statement
                    AssignmentStatement
                        Expression
                            Term
                                Factor
                                    CallExpression
                                        ActualParameters
                                            Expression
                                                Term
                                                    Factor
                                                Expression
                                                    Term
                                                        Factor
        Statement
            CallExpression
                ActualParameters
                    Expression
                        Term
                            Factor
                    Expression
                        Term
                            Factor
